2025-08-19 15:03:53,055 :INFO : test_a :" "
2025-08-19 15:04:14,035 :INFO : test_a :" "
2025-08-19 15:04:14,035 :INFO : test_a :" "
2025-08-19 15:04:24,034 :INFO : test_a :" "
2025-08-19 15:04:24,034 :INFO : test_a :" "
2025-08-19 15:04:24,034 :INFO : test_a :" "
2025-08-19 15:05:14,079 :INFO : test_a :FEATURES ITEMS
2025-08-19 15:05:36,111 :INFO : test_a :FEATURES ITEMS
2025-08-19 15:05:36,111 :INFO : test_a :FEATURES ITEMS
2025-08-19 15:05:47,264 :INFO : test_a :FEATURES ITEMS
2025-08-19 15:05:47,264 :INFO : test_a :FEATURES ITEMS
2025-08-19 15:05:47,264 :INFO : test_a :FEATURES ITEMS
2025-08-19 15:07:41,210 :INFO : test_a :WOMEN - TOPS PRODUCTS
2025-08-19 15:08:12,387 :INFO : test_a :WOMEN -  TOPS PRODUCTS
2025-08-19 15:08:12,387 :INFO : test_a :WOMEN -  TOPS PRODUCTS
2025-08-19 15:08:34,971 :INFO : test_a :WOMEN -  TOPS PRODUCTS
2025-08-19 15:08:34,971 :INFO : test_a :WOMEN -  TOPS PRODUCTS
2025-08-19 15:08:34,971 :INFO : test_a :WOMEN -  TOPS PRODUCTS
2025-08-19 15:29:13,565 :INFO : test_a :MEN - TSHIRTS PRODUCTS
2025-08-19 15:31:21,714 :INFO : test_a :MEN - TSHIRTS PRODUCTS
2025-08-19 15:47:11,710 :INFO : test_a :MEN -  TSHIRTS PRODUCTS
2025-08-19 15:47:45,188 :INFO : test_a :MEN - TSHIRTS PRODUCTS
2025-08-19 15:47:45,188 :INFO : test_a :MEN - TSHIRTS PRODUCTS
2025-08-19 15:48:14,783 :INFO : test_a :MEN -  TSHIRTS PRODUCTS
2025-08-19 15:48:14,783 :INFO : test_a :MEN -  TSHIRTS PRODUCTS
2025-08-19 15:48:14,783 :INFO : test_a :MEN -  TSHIRTS PRODUCTS
2025-08-19 15:49:29,239 :INFO : test_a :MEN -  TSHIRTS PRODUCTS
2025-08-19 15:49:59,774 :INFO : test_a :MEN -  TSHIRTS PRODUCTS
2025-08-19 15:49:59,774 :INFO : test_a :MEN -  TSHIRTS PRODUCTS
2025-08-19 15:50:20,722 :INFO : test_a :MEN -  TSHIRTS PRODUCTS
2025-08-19 15:50:20,722 :INFO : test_a :MEN -  TSHIRTS PRODUCTS
2025-08-19 15:50:20,722 :INFO : test_a :MEN -  TSHIRTS PRODUCTS
2025-09-04 08:49:48,004 :INFO : test_a :MEN -  TSHIRTS PRODUCTS
2025-09-04 08:50:16,421 :INFO : test_a :MEN -  TSHIRTS PRODUCTS
2025-09-04 08:50:16,421 :INFO : test_a :MEN -  TSHIRTS PRODUCTS
2025-09-04 08:50:39,086 :INFO : test_a :MEN -  TSHIRTS PRODUCTS
2025-09-04 08:50:39,086 :INFO : test_a :MEN -  TSHIRTS PRODUCTS
2025-09-04 08:50:39,086 :INFO : test_a :MEN -  TSHIRTS PRODUCTS
2025-09-04 09:02:52,426 :INFO : test_a :MEN -  TSHIRTS PRODUCTS
2025-09-04 09:03:25,437 :INFO : test_a :MEN -  TSHIRTS PRODUCTS
2025-09-04 09:03:25,437 :INFO : test_a :MEN -  TSHIRTS PRODUCTS
2025-09-04 09:03:54,253 :INFO : test_a :MEN - TSHIRTS PRODUCTS
2025-09-04 09:03:54,253 :INFO : test_a :MEN - TSHIRTS PRODUCTS
2025-09-04 09:03:54,253 :INFO : test_a :MEN - TSHIRTS PRODUCTS
2025-09-25 09:14:42,778 :INFO : test_a :MEN -  Tshirts PRODUCTS
2025-09-25 09:14:42,778 :INFO : test_a :MEN -  Tshirts PRODUCTS
